<?xml version="1.0" encoding="UTF-8"?>
<testng-results ignored="0" total="1" passed="1" failed="0" skipped="0">
  <reporter-output>
  </reporter-output>
  <suite started-at="2022-01-26T13:17:43 IST" name="Default suite" finished-at="2022-01-26T13:18:42 IST" duration-ms="58577">
    <groups>
    </groups>
    <test started-at="2022-01-26T13:17:43 IST" name="Default test" finished-at="2022-01-26T13:18:42 IST" duration-ms="58577">
      <class name="a1">
        <test-method signature="testleaf()[pri:0, instance:a1@36b4fe2a]" started-at="2022-01-26T13:17:43 IST" name="testleaf" finished-at="2022-01-26T13:18:42 IST" duration-ms="58448" status="PASS">
          <reporter-output>
          </reporter-output>
        </test-method> <!-- testleaf -->
      </class> <!-- a1 -->
    </test> <!-- Default test -->
  </suite> <!-- Default suite -->
</testng-results>
